### meat ###
beef.jpg: https://www.mrmeatmarkets.ca/wp-content/uploads/2017/02/beef-tenderloin-2.jpg
pork.jpg: https://farmersfreshmeat.com/wp-content/uploads/2015/04/First-Cut-Pork-Chops.jpg
chicken.jpg: https://5.imimg.com/data5/XM/PP/MY-44080452/country-chicken-meat-500x500.jpg
lamb.jpg: http://shop.lafrieda.com/media/catalog/product/cache/1/image/650x/040ec09b1e35df139433887a97daa66f/a/u/aus_lamb_rack.jpg
turkey: https://cms.sozmart.com/files/414/18254/20180115180836_1.jpg

### fruits ###
coconut.jpg: https://www.healthyrahe.com/wp-content/uploads/2017/10/coconut-new.jpg
banana.jpg: https://i5.walmartimages.ca/images/Enlarge/580/6_r/875806_R.jpg
apple.jpg: https://www.cosyowl.com/images/fragrance-red-apple-NAPL.jpg
orange.jpg: https://i0.wp.com/www.healthfitnessrevolution.com/wp-content/uploads/2016/02/ThinkstockPhotos-494037394.jpg
kiwi.jpg: http://vegetable.ma/wp-content/uploads/2016/11/kiwi-1.jpg
lemon.jpg: https://cdn3.volusion.com/kceqm.mleru/v/vspfiles/photos/74-2.jpg
blackberry.jpg: https://larrywhittleseydotcom.files.wordpress.com/2018/08/blackberry-hero.jpg

### drinks ###
milk.jpg: https://www.healthline.com/hlcmsresource/images/AN_images/AN397-Milk-Pitcher-732x549-thumb.jpg
coffee.jpg: https://www.sciencedaily.com/images/2015/05/150501100001_1_900x600.jpg
cola.jpg: https://encrypted-tbn0.gstatic.com/images?q=tbn:ANd9GcRpDncBHVt4ZBwHYjJ4bYnjTUYHxgnTq8fg5UfjpEGpjIXHUqcM
tea.jpg: https://upload.wikimedia.org/wikipedia/sq/2/2d/Filxhan_caji.jpg
water.jpg: https://www.factsaboutbpa.org/sites/default/files/images/waterbottles.png
beer.jpg: https://www.mrbeer.com/media/catalog/product/cache/2/thumbnail/9df78eab33525d08d6e5fb8d27136e95/b/e/beer-amber-mugulw.jpg
